<?xml version="1.0" encoding="UTF-8"?>
<!-- Generated by org.testng.reporters.JUnitReportReporter -->
<testsuite hostname="DESKTOP-DC84LEO" failures="0" tests="1" name="Utilities.TestRunner" time="63.373" errors="0" timestamp="2024-08-10T14:44:21 IST" skipped="0">
  <testcase classname="Utilities.TestRunner" name="runScenario" time="63.373"/>
</testsuite> <!-- Utilities.TestRunner -->
